<?xml version="1.0" encoding="UTF-8"?>
<testng-results ignored="0" total="1" passed="1" failed="0" skipped="0">
  <reporter-output>
  </reporter-output>
  <suite started-at="2024-04-13T13:18:55 IST" name="Default suite" finished-at="2024-04-13T13:19:05 IST" duration-ms="9473">
    <groups>
    </groups>
    <test started-at="2024-04-13T13:18:55 IST" name="Default test" finished-at="2024-04-13T13:19:05 IST" duration-ms="9473">
      <class name="tests.GmailTest">
        <test-method is-config="true" signature="setUp()[pri:0, instance:tests.GmailTest@3270d194]" started-at="2024-04-13T13:18:55 IST" name="setUp" finished-at="2024-04-13T13:18:58 IST" duration-ms="2948" status="PASS">
          <reporter-output>
          </reporter-output>
        </test-method> <!-- setUp -->
        <test-method signature="openWebsite()[pri:0, instance:tests.GmailTest@3270d194]" started-at="2024-04-13T13:18:58 IST" name="openWebsite" finished-at="2024-04-13T13:19:02 IST" duration-ms="3254" status="PASS">
          <reporter-output>
          </reporter-output>
        </test-method> <!-- openWebsite -->
        <test-method is-config="true" signature="tearDown()[pri:0, instance:tests.GmailTest@3270d194]" started-at="2024-04-13T13:19:02 IST" name="tearDown" finished-at="2024-04-13T13:19:05 IST" duration-ms="3202" status="PASS">
          <reporter-output>
          </reporter-output>
        </test-method> <!-- tearDown -->
      </class> <!-- tests.GmailTest -->
    </test> <!-- Default test -->
  </suite> <!-- Default suite -->
</testng-results>
